<?xml version="1.0" encoding="UTF-8"?>
<testsuite xmlns:xsi="http://www.w3.org/2001/XMLSchema-instance" xsi:noNamespaceSchemaLocation="https://maven.apache.org/surefire/maven-surefire-plugin/xsd/surefire-test-report-3.0.xsd" version="3.0" name="com.proriberaapp.ribera.RiberaApplicationTests" time="6.681" tests="1" errors="0" skipped="0" failures="0">
  <properties>
[...]
</properties>
  <testcase name="contextLoads" classname="com.proriberaapp.ribera.RiberaApplicationTests" time="1.284">
    <system-out><![CDATA[00:22:59.692 [main] INFO org.springframework.test.context.support.AnnotationConfigContextLoaderUtils -- Could not detect default configuration classes for test class [com.proriberaapp.ribera.RiberaApplicationTests]: RiberaApplicationTests does not declare any static, non-private, non-final, nested classes annotated with @Configuration.
00:22:59.914 [main] INFO org.springframework.boot.test.context.SpringBootTestContextBootstrapper -- Found @SpringBootConfiguration com.proriberaapp.ribera.RiberaApplication for test class com.proriberaapp.ribera.RiberaApplicationTests
00:23:00.234 [main] INFO org.springframework.boot.devtools.restart.RestartApplicationListener -- Restart disabled due to context in which it is running

  .   ____          _            __ _ _
 /\\ / ___'_ __ _ _(_)_ __  __ _ \ \ \ \
( ( )\___ | '_ | '_| | '_ \/ _` | \ \ \ \
 \\/  ___)| |_)| | | | | || (_| |  ) ) ) )
  '  |____| .__|_| |_|_| |_\__, | / / / /
 =========|_|==============|___/=/_/_/_/
 :: Spring Boot ::                (v3.2.3)

2024-03-07T00:23:00.794-05:00  INFO 41092 --- [           main] c.p.ribera.RiberaApplicationTests        : Starting RiberaApplicationTests using Java 17.0.8 with PID 41092 (started by Usuario in C:\Users\Usuario\jobbatch\pro-ribera-app)
2024-03-07T00:23:00.796-05:00  INFO 41092 --- [           main] c.p.ribera.RiberaApplicationTests        : No active profile set, falling back to 1 default profile: "default"
2024-03-07T00:23:01.865-05:00  INFO 41092 --- [           main] .s.d.r.c.RepositoryConfigurationDelegate : Bootstrapping Spring Data R2DBC repositories in DEFAULT mode.
2024-03-07T00:23:02.168-05:00  INFO 41092 --- [           main] .s.d.r.c.RepositoryConfigurationDelegate : Finished Spring Data repository scanning in 296 ms. Found 3 R2DBC repository interfaces.
2024-03-07T00:23:04.773-05:00  INFO 41092 --- [           main] c.p.ribera.RiberaApplicationTests        : Started RiberaApplicationTests in 4.56 seconds (process running for 6.368)
]]></system-out>
  </testcase>
</testsuite>